[    2356ms] Uncaught Error: Minified React error #418; visit https://react.dev/errors/418?args[]=text&args[]= for the full message or use the non-minified dev environment for full errors and additional helpful warnings.
    at rZ (https://static.linear.app/web/_next/static/chunks/397e7357-386f39c6b0129b39.js:0:37091)
    at <anonymous> (https://static.linear.app/web/_next/static/chunks/397e7357-386f39c6b0129b39.js:0:134250)
    at sy (https://static.linear.app/web/_next/static/chunks/397e7357-386f39c6b0129b39.js:0:137815)
    at sh (https://static.linear.app/web/_next/static/chunks/397e7357-386f39c6b0129b39.js:0:129063)
    at <anonymous> (https://static.linear.app/web/_next/static/chunks/397e7357-386f39c6b0129b39.js:0:123888)
    at sr (https://static.linear.app/web/_next/static/chunks/397e7357-386f39c6b0129b39.js:0:123989)
    at sq (https://static.linear.app/web/_next/static/chunks/397e7357-386f39c6b0129b39.js:0:150559)
    at x (https://static.linear.app/web/_next/static/chunks/72356-ff2a02884231ee5a.js:42:33141)
[    2411ms] [LOG] %c __                                               _____          __          __           ______          v1.0.0
/\ \       __                                    /\  __`\       /\ \      __/\ \__       /\__  _\                       
\ \ \     /\_\    ___      __     __     _ __    \ \ \/\ \  _ __\ \ \____/\_\ \ ,_\      \/_/\ \/     ___     ___       
 \ \ \  __\/\ \ /' _ `\  /'__`\ /'__`\  /\`'__\   \ \ \ \ \/\`'__\ \ '__`\/\ \ \ \/         \ \ \   /' _ `\  /'___\     
  \ \ \L\ \\ \ \/\ \/\ \/\  __//\ \L\.\_\ \ \/     \ \ \_\ \ \ \/ \ \ \L\ \ \ \ \ \_  __     \_\ \__/\ \/\ \/\ \__/  __ 
   \ \____/ \ \_\ \_\ \_\ \____\ \__/.\_\\ \_\      \ \_____\ \_\  \ \_,__/\ \_\ \__\/\ \    /\_____\ \_\ \_\ \____\/\_\
    \/___/   \/_/\/_/\/_/\/____/\/__/\/_/ \/_/       \/_____/\/_/   \/___/  \/_/\/__/\ \/    \/_____/\/_/\/_/\/____/\/_/
                                                                                      \/

The product development system for teams and agents

WE'RE HIRING: https://linear.app/careers
CHANGELOG:    https://linear.app/changelog
 
  font-family: monospace;
  color: #282A30;
   @ https://static.linear.app/web/_next/static/chunks/47546-822502655754a2c0.js:0
[   10120ms] [WARNING] The resource https://static.linear.app/web/_next/static/css/7aed057601b146f8.css was preloaded using link preload but not used within a few seconds from the window's load event. Please make sure it has an appropriate `as` value and it is preloaded intentionally. @ https://linear.app/:0
[   10120ms] [WARNING] The resource https://static.linear.app/web/_next/static/css/fc8bf745806a3a89.css was preloaded using link preload but not used within a few seconds from the window's load event. Please make sure it has an appropriate `as` value and it is preloaded intentionally. @ https://linear.app/:0
[   10120ms] [WARNING] The resource https://static.linear.app/web/_next/static/css/cbc58c2ba03dddd2.css was preloaded using link preload but not used within a few seconds from the window's load event. Please make sure it has an appropriate `as` value and it is preloaded intentionally. @ https://linear.app/:0
[   10120ms] [WARNING] The resource https://static.linear.app/web/_next/static/css/4d62f396a675e077.css was preloaded using link preload but not used within a few seconds from the window's load event. Please make sure it has an appropriate `as` value and it is preloaded intentionally. @ https://linear.app/:0
