[    1605ms] [LOG] %c __                                               _____          __          __           ______          v1.0.0
/\ \       __                                    /\  __`\       /\ \      __/\ \__       /\__  _\                       
\ \ \     /\_\    ___      __     __     _ __    \ \ \/\ \  _ __\ \ \____/\_\ \ ,_\      \/_/\ \/     ___     ___       
 \ \ \  __\/\ \ /' _ `\  /'__`\ /'__`\  /\`'__\   \ \ \ \ \/\`'__\ \ '__`\/\ \ \ \/         \ \ \   /' _ `\  /'___\     
  \ \ \L\ \\ \ \/\ \/\ \/\  __//\ \L\.\_\ \ \/     \ \ \_\ \ \ \/ \ \ \L\ \ \ \ \ \_  __     \_\ \__/\ \/\ \/\ \__/  __ 
   \ \____/ \ \_\ \_\ \_\ \____\ \__/.\_\\ \_\      \ \_____\ \_\  \ \_,__/\ \_\ \__\/\ \    /\_____\ \_\ \_\ \____\/\_\
    \/___/   \/_/\/_/\/_/\/____/\/__/\/_/ \/_/       \/_____/\/_/   \/___/  \/_/\/__/\ \/    \/_____/\/_/\/_/\/____/\/_/
                                                                                      \/

The product development system for teams and agents

WE'RE HIRING: https://linear.app/careers
CHANGELOG:    https://linear.app/changelog
 
  font-family: monospace;
  color: #282A30;
   @ https://static.linear.app/web/_next/static/chunks/47546-822502655754a2c0.js:0
[    7833ms] [WARNING] The resource https://static.linear.app/web/_next/static/css/7aed057601b146f8.css was preloaded using link preload but not used within a few seconds from the window's load event. Please make sure it has an appropriate `as` value and it is preloaded intentionally. @ https://linear.app/features:0
[    7833ms] [WARNING] The resource https://static.linear.app/web/_next/static/css/c1bc913d5ef0dcdd.css was preloaded using link preload but not used within a few seconds from the window's load event. Please make sure it has an appropriate `as` value and it is preloaded intentionally. @ https://linear.app/features:0
[    7833ms] [WARNING] The resource https://static.linear.app/web/_next/static/css/eebfad24a2f76322.css was preloaded using link preload but not used within a few seconds from the window's load event. Please make sure it has an appropriate `as` value and it is preloaded intentionally. @ https://linear.app/features:0
[    7833ms] [WARNING] The resource https://static.linear.app/web/_next/static/css/08ae992036a1cc1b.css was preloaded using link preload but not used within a few seconds from the window's load event. Please make sure it has an appropriate `as` value and it is preloaded intentionally. @ https://linear.app/features:0
[    7833ms] [WARNING] The resource https://static.linear.app/web/_next/static/css/702f6ea85069edb2.css was preloaded using link preload but not used within a few seconds from the window's load event. Please make sure it has an appropriate `as` value and it is preloaded intentionally. @ https://linear.app/features:0
[    7833ms] [WARNING] The resource https://static.linear.app/web/_next/static/css/569f939007230c00.css was preloaded using link preload but not used within a few seconds from the window's load event. Please make sure it has an appropriate `as` value and it is preloaded intentionally. @ https://linear.app/features:0
[    7833ms] [WARNING] The resource https://static.linear.app/web/_next/static/css/c0b68dcc189f54a6.css was preloaded using link preload but not used within a few seconds from the window's load event. Please make sure it has an appropriate `as` value and it is preloaded intentionally. @ https://linear.app/features:0
[    7833ms] [WARNING] The resource https://static.linear.app/web/_next/static/css/835e940f9daddbc7.css was preloaded using link preload but not used within a few seconds from the window's load event. Please make sure it has an appropriate `as` value and it is preloaded intentionally. @ https://linear.app/features:0
[    7833ms] [WARNING] The resource https://static.linear.app/web/_next/static/css/ca8fb61189b4738f.css was preloaded using link preload but not used within a few seconds from the window's load event. Please make sure it has an appropriate `as` value and it is preloaded intentionally. @ https://linear.app/features:0
[    7833ms] [WARNING] The resource https://static.linear.app/web/_next/static/css/fd3a256442c8758e.css was preloaded using link preload but not used within a few seconds from the window's load event. Please make sure it has an appropriate `as` value and it is preloaded intentionally. @ https://linear.app/features:0
[    7833ms] [WARNING] The resource https://static.linear.app/web/_next/static/css/2a9abf108e9448af.css was preloaded using link preload but not used within a few seconds from the window's load event. Please make sure it has an appropriate `as` value and it is preloaded intentionally. @ https://linear.app/features:0
[    7833ms] [WARNING] The resource https://static.linear.app/web/_next/static/css/fc8bf745806a3a89.css was preloaded using link preload but not used within a few seconds from the window's load event. Please make sure it has an appropriate `as` value and it is preloaded intentionally. @ https://linear.app/features:0
[    7833ms] [WARNING] The resource https://static.linear.app/web/_next/static/css/cbc58c2ba03dddd2.css was preloaded using link preload but not used within a few seconds from the window's load event. Please make sure it has an appropriate `as` value and it is preloaded intentionally. @ https://linear.app/features:0
[    7833ms] [WARNING] The resource https://static.linear.app/web/_next/static/css/d146ce72ddbfa123.css was preloaded using link preload but not used within a few seconds from the window's load event. Please make sure it has an appropriate `as` value and it is preloaded intentionally. @ https://linear.app/features:0
[   64865ms] [WARNING] The resource https://static.linear.app/web/_next/static/css/7aed057601b146f8.css was preloaded using link preload but not used within a few seconds from the window's load event. Please make sure it has an appropriate `as` value and it is preloaded intentionally. @ https://linear.app/features:0
[   64865ms] [WARNING] The resource https://static.linear.app/web/_next/static/css/c1bc913d5ef0dcdd.css was preloaded using link preload but not used within a few seconds from the window's load event. Please make sure it has an appropriate `as` value and it is preloaded intentionally. @ https://linear.app/features:0
[   64865ms] [WARNING] The resource https://static.linear.app/web/_next/static/css/eebfad24a2f76322.css was preloaded using link preload but not used within a few seconds from the window's load event. Please make sure it has an appropriate `as` value and it is preloaded intentionally. @ https://linear.app/features:0
[   64865ms] [WARNING] The resource https://static.linear.app/web/_next/static/css/08ae992036a1cc1b.css was preloaded using link preload but not used within a few seconds from the window's load event. Please make sure it has an appropriate `as` value and it is preloaded intentionally. @ https://linear.app/features:0
[   64865ms] [WARNING] The resource https://static.linear.app/web/_next/static/css/702f6ea85069edb2.css was preloaded using link preload but not used within a few seconds from the window's load event. Please make sure it has an appropriate `as` value and it is preloaded intentionally. @ https://linear.app/features:0
[   64865ms] [WARNING] The resource https://static.linear.app/web/_next/static/css/569f939007230c00.css was preloaded using link preload but not used within a few seconds from the window's load event. Please make sure it has an appropriate `as` value and it is preloaded intentionally. @ https://linear.app/features:0
[   64865ms] [WARNING] The resource https://static.linear.app/web/_next/static/css/c0b68dcc189f54a6.css was preloaded using link preload but not used within a few seconds from the window's load event. Please make sure it has an appropriate `as` value and it is preloaded intentionally. @ https://linear.app/features:0
[   64865ms] [WARNING] The resource https://static.linear.app/web/_next/static/css/835e940f9daddbc7.css was preloaded using link preload but not used within a few seconds from the window's load event. Please make sure it has an appropriate `as` value and it is preloaded intentionally. @ https://linear.app/features:0
[   64865ms] [WARNING] The resource https://static.linear.app/web/_next/static/css/ca8fb61189b4738f.css was preloaded using link preload but not used within a few seconds from the window's load event. Please make sure it has an appropriate `as` value and it is preloaded intentionally. @ https://linear.app/features:0
[   64866ms] [WARNING] The resource https://static.linear.app/web/_next/static/css/fd3a256442c8758e.css was preloaded using link preload but not used within a few seconds from the window's load event. Please make sure it has an appropriate `as` value and it is preloaded intentionally. @ https://linear.app/features:0
[   64866ms] [WARNING] The resource https://static.linear.app/web/_next/static/css/2a9abf108e9448af.css was preloaded using link preload but not used within a few seconds from the window's load event. Please make sure it has an appropriate `as` value and it is preloaded intentionally. @ https://linear.app/features:0
[   64866ms] [WARNING] The resource https://static.linear.app/web/_next/static/css/fc8bf745806a3a89.css was preloaded using link preload but not used within a few seconds from the window's load event. Please make sure it has an appropriate `as` value and it is preloaded intentionally. @ https://linear.app/features:0
[   64866ms] [WARNING] The resource https://static.linear.app/web/_next/static/css/cbc58c2ba03dddd2.css was preloaded using link preload but not used within a few seconds from the window's load event. Please make sure it has an appropriate `as` value and it is preloaded intentionally. @ https://linear.app/features:0
[   64866ms] [WARNING] The resource https://static.linear.app/web/_next/static/css/d146ce72ddbfa123.css was preloaded using link preload but not used within a few seconds from the window's load event. Please make sure it has an appropriate `as` value and it is preloaded intentionally. @ https://linear.app/features:0
[  124938ms] [WARNING] The resource https://static.linear.app/web/_next/static/css/7aed057601b146f8.css was preloaded using link preload but not used within a few seconds from the window's load event. Please make sure it has an appropriate `as` value and it is preloaded intentionally. @ https://linear.app/features:0
[  124938ms] [WARNING] The resource https://static.linear.app/web/_next/static/css/c1bc913d5ef0dcdd.css was preloaded using link preload but not used within a few seconds from the window's load event. Please make sure it has an appropriate `as` value and it is preloaded intentionally. @ https://linear.app/features:0
[  124938ms] [WARNING] The resource https://static.linear.app/web/_next/static/css/eebfad24a2f76322.css was preloaded using link preload but not used within a few seconds from the window's load event. Please make sure it has an appropriate `as` value and it is preloaded intentionally. @ https://linear.app/features:0
[  124938ms] [WARNING] The resource https://static.linear.app/web/_next/static/css/08ae992036a1cc1b.css was preloaded using link preload but not used within a few seconds from the window's load event. Please make sure it has an appropriate `as` value and it is preloaded intentionally. @ https://linear.app/features:0
[  124938ms] [WARNING] The resource https://static.linear.app/web/_next/static/css/702f6ea85069edb2.css was preloaded using link preload but not used within a few seconds from the window's load event. Please make sure it has an appropriate `as` value and it is preloaded intentionally. @ https://linear.app/features:0
[  124938ms] [WARNING] The resource https://static.linear.app/web/_next/static/css/569f939007230c00.css was preloaded using link preload but not used within a few seconds from the window's load event. Please make sure it has an appropriate `as` value and it is preloaded intentionally. @ https://linear.app/features:0
[  124938ms] [WARNING] The resource https://static.linear.app/web/_next/static/css/c0b68dcc189f54a6.css was preloaded using link preload but not used within a few seconds from the window's load event. Please make sure it has an appropriate `as` value and it is preloaded intentionally. @ https://linear.app/features:0
[  124938ms] [WARNING] The resource https://static.linear.app/web/_next/static/css/835e940f9daddbc7.css was preloaded using link preload but not used within a few seconds from the window's load event. Please make sure it has an appropriate `as` value and it is preloaded intentionally. @ https://linear.app/features:0
[  124938ms] [WARNING] The resource https://static.linear.app/web/_next/static/css/ca8fb61189b4738f.css was preloaded using link preload but not used within a few seconds from the window's load event. Please make sure it has an appropriate `as` value and it is preloaded intentionally. @ https://linear.app/features:0
[  124938ms] [WARNING] The resource https://static.linear.app/web/_next/static/css/fd3a256442c8758e.css was preloaded using link preload but not used within a few seconds from the window's load event. Please make sure it has an appropriate `as` value and it is preloaded intentionally. @ https://linear.app/features:0
[  124938ms] [WARNING] The resource https://static.linear.app/web/_next/static/css/2a9abf108e9448af.css was preloaded using link preload but not used within a few seconds from the window's load event. Please make sure it has an appropriate `as` value and it is preloaded intentionally. @ https://linear.app/features:0
[  124938ms] [WARNING] The resource https://static.linear.app/web/_next/static/css/fc8bf745806a3a89.css was preloaded using link preload but not used within a few seconds from the window's load event. Please make sure it has an appropriate `as` value and it is preloaded intentionally. @ https://linear.app/features:0
[  124938ms] [WARNING] The resource https://static.linear.app/web/_next/static/css/cbc58c2ba03dddd2.css was preloaded using link preload but not used within a few seconds from the window's load event. Please make sure it has an appropriate `as` value and it is preloaded intentionally. @ https://linear.app/features:0
[  124938ms] [WARNING] The resource https://static.linear.app/web/_next/static/css/d146ce72ddbfa123.css was preloaded using link preload but not used within a few seconds from the window's load event. Please make sure it has an appropriate `as` value and it is preloaded intentionally. @ https://linear.app/features:0
[  185024ms] [WARNING] The resource https://static.linear.app/web/_next/static/css/7aed057601b146f8.css was preloaded using link preload but not used within a few seconds from the window's load event. Please make sure it has an appropriate `as` value and it is preloaded intentionally. @ https://linear.app/features:0
[  185024ms] [WARNING] The resource https://static.linear.app/web/_next/static/css/c1bc913d5ef0dcdd.css was preloaded using link preload but not used within a few seconds from the window's load event. Please make sure it has an appropriate `as` value and it is preloaded intentionally. @ https://linear.app/features:0
[  185024ms] [WARNING] The resource https://static.linear.app/web/_next/static/css/eebfad24a2f76322.css was preloaded using link preload but not used within a few seconds from the window's load event. Please make sure it has an appropriate `as` value and it is preloaded intentionally. @ https://linear.app/features:0
[  185024ms] [WARNING] The resource https://static.linear.app/web/_next/static/css/08ae992036a1cc1b.css was preloaded using link preload but not used within a few seconds from the window's load event. Please make sure it has an appropriate `as` value and it is preloaded intentionally. @ https://linear.app/features:0
[  185024ms] [WARNING] The resource https://static.linear.app/web/_next/static/css/702f6ea85069edb2.css was preloaded using link preload but not used within a few seconds from the window's load event. Please make sure it has an appropriate `as` value and it is preloaded intentionally. @ https://linear.app/features:0
[  185024ms] [WARNING] The resource https://static.linear.app/web/_next/static/css/569f939007230c00.css was preloaded using link preload but not used within a few seconds from the window's load event. Please make sure it has an appropriate `as` value and it is preloaded intentionally. @ https://linear.app/features:0
[  185024ms] [WARNING] The resource https://static.linear.app/web/_next/static/css/c0b68dcc189f54a6.css was preloaded using link preload but not used within a few seconds from the window's load event. Please make sure it has an appropriate `as` value and it is preloaded intentionally. @ https://linear.app/features:0
[  185024ms] [WARNING] The resource https://static.linear.app/web/_next/static/css/835e940f9daddbc7.css was preloaded using link preload but not used within a few seconds from the window's load event. Please make sure it has an appropriate `as` value and it is preloaded intentionally. @ https://linear.app/features:0
[  185024ms] [WARNING] The resource https://static.linear.app/web/_next/static/css/ca8fb61189b4738f.css was preloaded using link preload but not used within a few seconds from the window's load event. Please make sure it has an appropriate `as` value and it is preloaded intentionally. @ https://linear.app/features:0
[  185024ms] [WARNING] The resource https://static.linear.app/web/_next/static/css/fd3a256442c8758e.css was preloaded using link preload but not used within a few seconds from the window's load event. Please make sure it has an appropriate `as` value and it is preloaded intentionally. @ https://linear.app/features:0
[  185024ms] [WARNING] The resource https://static.linear.app/web/_next/static/css/2a9abf108e9448af.css was preloaded using link preload but not used within a few seconds from the window's load event. Please make sure it has an appropriate `as` value and it is preloaded intentionally. @ https://linear.app/features:0
[  185024ms] [WARNING] The resource https://static.linear.app/web/_next/static/css/fc8bf745806a3a89.css was preloaded using link preload but not used within a few seconds from the window's load event. Please make sure it has an appropriate `as` value and it is preloaded intentionally. @ https://linear.app/features:0
[  185024ms] [WARNING] The resource https://static.linear.app/web/_next/static/css/cbc58c2ba03dddd2.css was preloaded using link preload but not used within a few seconds from the window's load event. Please make sure it has an appropriate `as` value and it is preloaded intentionally. @ https://linear.app/features:0
[  185024ms] [WARNING] The resource https://static.linear.app/web/_next/static/css/d146ce72ddbfa123.css was preloaded using link preload but not used within a few seconds from the window's load event. Please make sure it has an appropriate `as` value and it is preloaded intentionally. @ https://linear.app/features:0
