[     578ms] [ERROR] Loading the font 'https://lishhsx6kmthaacj.public.blob.vercel-storage.com/fonts/dseg7classic-bold.counter.woff2' violates the following Content Security Policy directive: "font-src 'self' vercel.com assets.vercel.com vercel.live fonts.gstatic.com *.vercel.sh". The action has been blocked. @ https://vercel.com/:216
[     794ms] [LOG] %c
▲

    ________   _ __ _          ____           __
   /  _/ __/  (_) /( )_____   / __/___ ______/ /_
   / // /_   / / __/// ___/  / /_/ __ `/ ___/ __/
 _/ // __/  / / /_  (__  )  / __/ /_/ (__  ) /_
/___/_/    /_/\__/ /____/  /_/  \__,_/____/\__/
    _ __ _                         _    __                    __
   (_) /( )_____   ____  ____     | |  / /__  _____________  / /
  / / __/// ___/  / __ \/ __ \    | | / / _ \/ ___/ ___/ _ \/ /
 / / /_  (__  )  / /_/ / / / /    | |/ /  __/ /  / /__/  __/ /
/_/\__/ /____/   \____/_/ /_/     |___/\___/_/   \___/\___/_/
  

Hello!

- Open Source https://vercel.com/oss
- Careers https://vercel.com/careers
- Status https://vercel-status.com

 font-family: "Geist Mono", monospace; white-space: pre; line-height: 1; @ https://vercel.com/vc-ap-vercel-marketing/_next/static/immutable/chunks/0-vcyys9aura6.js:78
[    1061ms] [ERROR] Loading the image 'https://py8fhxnkzwtsqdo9.public.blob.vercel-storage.com/front/favicon/vercel/android-chrome-192x192.png' violates the following Content Security Policy directive: "img-src 'self' blob: data: *.github.io avatars.githubusercontent.com user-images.githubusercontent.com vercel.com vercel.live *.vercel.sh assets.vercel.com cdn.raster.app https://images.ctfassets.net https://www.google.com https://i.ytimg.com https://s3.amazonaws.com pbs.twimg.com https://www.gravatar.com https://lishhsx6kmthaacj.public.blob.vercel-storage.com". The action has been blocked. @ https://vercel.com/:0
[    1180ms] [WARNING] Error while trying to use the following icon from the Manifest: https://py8fhxnkzwtsqdo9.public.blob.vercel-storage.com/front/favicon/vercel/android-chrome-192x192.png (Download error or resource isn't a valid image) @ https://vercel.com/:0
[    1964ms] [WARNING] Deprecated API for given entry type. @ https://vercel.com/vc-ap-vercel-marketing/_next/static/immutable/chunks/1b2uelnzu5inb.js:18
[    2584ms] [ERROR] Failed to load resource: the server responded with a status of 403 () @ https://vercel.com/api/jwt:0
[    7388ms] [ERROR] Failed to load resource: the server responded with a status of 429 () @ https://o205439.ingest.us.sentry.io/api/4507726617772032/envelope/?sentry_key=285c77642188feae6e662bd2903e2d52&sentry_version=7&sentry_client=sentry.javascript.browser%2F7.111.0:0
[   10460ms] [WARNING] The resource https://vercel.com/vc-ap-vercel-marketing/_next/static/immutable/chunks/11d939cyg-0xq.css was preloaded using link preload but not used within a few seconds from the window's load event. Please make sure it has an appropriate `as` value and it is preloaded intentionally. @ https://vercel.com/:0
[   10460ms] [WARNING] The resource https://vercel.com/vc-ap-vercel-marketing/_next/static/immutable/chunks/17lnwdxpzmd72.css was preloaded using link preload but not used within a few seconds from the window's load event. Please make sure it has an appropriate `as` value and it is preloaded intentionally. @ https://vercel.com/:0
[   10460ms] [WARNING] The resource https://vercel.com/vc-ap-vercel-marketing/_next/static/immutable/chunks/2u633oc6-vsh9.css was preloaded using link preload but not used within a few seconds from the window's load event. Please make sure it has an appropriate `as` value and it is preloaded intentionally. @ https://vercel.com/:0
[   10460ms] [WARNING] The resource https://vercel.com/vc-ap-vercel-marketing/_next/static/immutable/chunks/3go6x9-m9rxv4.css was preloaded using link preload but not used within a few seconds from the window's load event. Please make sure it has an appropriate `as` value and it is preloaded intentionally. @ https://vercel.com/:0
[   10460ms] [WARNING] The resource https://vercel.com/vc-ap-vercel-marketing/_next/static/immutable/chunks/2ap5zu6aup-5m.css was preloaded using link preload but not used within a few seconds from the window's load event. Please make sure it has an appropriate `as` value and it is preloaded intentionally. @ https://vercel.com/:0
[   10460ms] [WARNING] The resource https://vercel.com/vc-ap-vercel-marketing/_next/static/immutable/chunks/0g2go0qk2o1yq.css was preloaded using link preload but not used within a few seconds from the window's load event. Please make sure it has an appropriate `as` value and it is preloaded intentionally. @ https://vercel.com/:0
[   10460ms] [WARNING] The resource https://vercel.com/vc-ap-vercel-marketing/_next/static/immutable/chunks/2f6zgmxpgaxwq.css was preloaded using link preload but not used within a few seconds from the window's load event. Please make sure it has an appropriate `as` value and it is preloaded intentionally. @ https://vercel.com/:0
[   10460ms] [WARNING] The resource https://vercel.com/vc-ap-vercel-marketing/_next/static/immutable/chunks/3v03z2dhi6852.css was preloaded using link preload but not used within a few seconds from the window's load event. Please make sure it has an appropriate `as` value and it is preloaded intentionally. @ https://vercel.com/:0
[   10460ms] [WARNING] The resource https://vercel.com/vc-ap-vercel-marketing/_next/static/immutable/chunks/3pkl_l28grjzi.css was preloaded using link preload but not used within a few seconds from the window's load event. Please make sure it has an appropriate `as` value and it is preloaded intentionally. @ https://vercel.com/:0
[   10460ms] [WARNING] The resource https://vercel.com/vc-ap-vercel-marketing/_next/static/immutable/chunks/1wqje4hd05ov_.css was preloaded using link preload but not used within a few seconds from the window's load event. Please make sure it has an appropriate `as` value and it is preloaded intentionally. @ https://vercel.com/:0
[   10460ms] [WARNING] The resource https://vercel.com/vc-ap-vercel-marketing/_next/static/immutable/chunks/28q2qwo7gfd-d.css was preloaded using link preload but not used within a few seconds from the window's load event. Please make sure it has an appropriate `as` value and it is preloaded intentionally. @ https://vercel.com/:0
[   10460ms] [WARNING] The resource https://vercel.com/vc-ap-vercel-marketing/_next/static/immutable/chunks/2rkroezqbepf5.css was preloaded using link preload but not used within a few seconds from the window's load event. Please make sure it has an appropriate `as` value and it is preloaded intentionally. @ https://vercel.com/:0
[   10460ms] [WARNING] The resource https://vercel.com/vc-ap-vercel-marketing/_next/static/immutable/chunks/2zd3_ztfs8vsh.css was preloaded using link preload but not used within a few seconds from the window's load event. Please make sure it has an appropriate `as` value and it is preloaded intentionally. @ https://vercel.com/:0
[   10460ms] [WARNING] The resource https://vercel.com/vc-ap-vercel-marketing/_next/static/immutable/chunks/1ywsc4s9dv8qv.css was preloaded using link preload but not used within a few seconds from the window's load event. Please make sure it has an appropriate `as` value and it is preloaded intentionally. @ https://vercel.com/:0
[   10460ms] [WARNING] The resource https://vercel.com/vc-ap-vercel-marketing/_next/static/immutable/chunks/1dpkq06qn0olb.css was preloaded using link preload but not used within a few seconds from the window's load event. Please make sure it has an appropriate `as` value and it is preloaded intentionally. @ https://vercel.com/:0
[   16716ms] [WARNING] The resource https://vercel.com/vc-ap-vercel-marketing/_next/static/immutable/chunks/11d939cyg-0xq.css was preloaded using link preload but not used within a few seconds from the window's load event. Please make sure it has an appropriate `as` value and it is preloaded intentionally. @ https://vercel.com/:0
[   16716ms] [WARNING] The resource https://vercel.com/vc-ap-vercel-marketing/_next/static/immutable/chunks/17lnwdxpzmd72.css was preloaded using link preload but not used within a few seconds from the window's load event. Please make sure it has an appropriate `as` value and it is preloaded intentionally. @ https://vercel.com/:0
[   16716ms] [WARNING] The resource https://vercel.com/vc-ap-vercel-marketing/_next/static/immutable/chunks/2u633oc6-vsh9.css was preloaded using link preload but not used within a few seconds from the window's load event. Please make sure it has an appropriate `as` value and it is preloaded intentionally. @ https://vercel.com/:0
[   16716ms] [WARNING] The resource https://vercel.com/vc-ap-vercel-marketing/_next/static/immutable/chunks/3go6x9-m9rxv4.css was preloaded using link preload but not used within a few seconds from the window's load event. Please make sure it has an appropriate `as` value and it is preloaded intentionally. @ https://vercel.com/:0
[   16716ms] [WARNING] The resource https://vercel.com/vc-ap-vercel-marketing/_next/static/immutable/chunks/2ap5zu6aup-5m.css was preloaded using link preload but not used within a few seconds from the window's load event. Please make sure it has an appropriate `as` value and it is preloaded intentionally. @ https://vercel.com/:0
[   16716ms] [WARNING] The resource https://vercel.com/vc-ap-vercel-marketing/_next/static/immutable/chunks/0g2go0qk2o1yq.css was preloaded using link preload but not used within a few seconds from the window's load event. Please make sure it has an appropriate `as` value and it is preloaded intentionally. @ https://vercel.com/:0
[   16716ms] [WARNING] The resource https://vercel.com/vc-ap-vercel-marketing/_next/static/immutable/chunks/2f6zgmxpgaxwq.css was preloaded using link preload but not used within a few seconds from the window's load event. Please make sure it has an appropriate `as` value and it is preloaded intentionally. @ https://vercel.com/:0
[   16716ms] [WARNING] The resource https://vercel.com/vc-ap-vercel-marketing/_next/static/immutable/chunks/3v03z2dhi6852.css was preloaded using link preload but not used within a few seconds from the window's load event. Please make sure it has an appropriate `as` value and it is preloaded intentionally. @ https://vercel.com/:0
[   16716ms] [WARNING] The resource https://vercel.com/vc-ap-vercel-marketing/_next/static/immutable/chunks/3pkl_l28grjzi.css was preloaded using link preload but not used within a few seconds from the window's load event. Please make sure it has an appropriate `as` value and it is preloaded intentionally. @ https://vercel.com/:0
[   16716ms] [WARNING] The resource https://vercel.com/vc-ap-vercel-marketing/_next/static/immutable/chunks/1wqje4hd05ov_.css was preloaded using link preload but not used within a few seconds from the window's load event. Please make sure it has an appropriate `as` value and it is preloaded intentionally. @ https://vercel.com/:0
[   16716ms] [WARNING] The resource https://vercel.com/vc-ap-vercel-marketing/_next/static/immutable/chunks/28q2qwo7gfd-d.css was preloaded using link preload but not used within a few seconds from the window's load event. Please make sure it has an appropriate `as` value and it is preloaded intentionally. @ https://vercel.com/:0
[   16716ms] [WARNING] The resource https://vercel.com/vc-ap-vercel-marketing/_next/static/immutable/chunks/2rkroezqbepf5.css was preloaded using link preload but not used within a few seconds from the window's load event. Please make sure it has an appropriate `as` value and it is preloaded intentionally. @ https://vercel.com/:0
[   16716ms] [WARNING] The resource https://vercel.com/vc-ap-vercel-marketing/_next/static/immutable/chunks/2zd3_ztfs8vsh.css was preloaded using link preload but not used within a few seconds from the window's load event. Please make sure it has an appropriate `as` value and it is preloaded intentionally. @ https://vercel.com/:0
[   16716ms] [WARNING] The resource https://vercel.com/vc-ap-vercel-marketing/_next/static/immutable/chunks/1ywsc4s9dv8qv.css was preloaded using link preload but not used within a few seconds from the window's load event. Please make sure it has an appropriate `as` value and it is preloaded intentionally. @ https://vercel.com/:0
[   16716ms] [WARNING] The resource https://vercel.com/vc-ap-vercel-marketing/_next/static/immutable/chunks/1dpkq06qn0olb.css was preloaded using link preload but not used within a few seconds from the window's load event. Please make sure it has an appropriate `as` value and it is preloaded intentionally. @ https://vercel.com/:0
[   61914ms] [WARNING] The resource https://vercel.com/vc-ap-vercel-marketing/_next/static/immutable/chunks/11d939cyg-0xq.css was preloaded using link preload but not used within a few seconds from the window's load event. Please make sure it has an appropriate `as` value and it is preloaded intentionally. @ https://vercel.com/:0
[   61914ms] [WARNING] The resource https://vercel.com/vc-ap-vercel-marketing/_next/static/immutable/chunks/17lnwdxpzmd72.css was preloaded using link preload but not used within a few seconds from the window's load event. Please make sure it has an appropriate `as` value and it is preloaded intentionally. @ https://vercel.com/:0
[   61914ms] [WARNING] The resource https://vercel.com/vc-ap-vercel-marketing/_next/static/immutable/chunks/2u633oc6-vsh9.css was preloaded using link preload but not used within a few seconds from the window's load event. Please make sure it has an appropriate `as` value and it is preloaded intentionally. @ https://vercel.com/:0
[   61914ms] [WARNING] The resource https://vercel.com/vc-ap-vercel-marketing/_next/static/immutable/chunks/3go6x9-m9rxv4.css was preloaded using link preload but not used within a few seconds from the window's load event. Please make sure it has an appropriate `as` value and it is preloaded intentionally. @ https://vercel.com/:0
[   61914ms] [WARNING] The resource https://vercel.com/vc-ap-vercel-marketing/_next/static/immutable/chunks/2ap5zu6aup-5m.css was preloaded using link preload but not used within a few seconds from the window's load event. Please make sure it has an appropriate `as` value and it is preloaded intentionally. @ https://vercel.com/:0
[   61914ms] [WARNING] The resource https://vercel.com/vc-ap-vercel-marketing/_next/static/immutable/chunks/0g2go0qk2o1yq.css was preloaded using link preload but not used within a few seconds from the window's load event. Please make sure it has an appropriate `as` value and it is preloaded intentionally. @ https://vercel.com/:0
[   61914ms] [WARNING] The resource https://vercel.com/vc-ap-vercel-marketing/_next/static/immutable/chunks/2f6zgmxpgaxwq.css was preloaded using link preload but not used within a few seconds from the window's load event. Please make sure it has an appropriate `as` value and it is preloaded intentionally. @ https://vercel.com/:0
[   61914ms] [WARNING] The resource https://vercel.com/vc-ap-vercel-marketing/_next/static/immutable/chunks/3v03z2dhi6852.css was preloaded using link preload but not used within a few seconds from the window's load event. Please make sure it has an appropriate `as` value and it is preloaded intentionally. @ https://vercel.com/:0
[   61914ms] [WARNING] The resource https://vercel.com/vc-ap-vercel-marketing/_next/static/immutable/chunks/3pkl_l28grjzi.css was preloaded using link preload but not used within a few seconds from the window's load event. Please make sure it has an appropriate `as` value and it is preloaded intentionally. @ https://vercel.com/:0
[   61914ms] [WARNING] The resource https://vercel.com/vc-ap-vercel-marketing/_next/static/immutable/chunks/1wqje4hd05ov_.css was preloaded using link preload but not used within a few seconds from the window's load event. Please make sure it has an appropriate `as` value and it is preloaded intentionally. @ https://vercel.com/:0
[   61914ms] [WARNING] The resource https://vercel.com/vc-ap-vercel-marketing/_next/static/immutable/chunks/28q2qwo7gfd-d.css was preloaded using link preload but not used within a few seconds from the window's load event. Please make sure it has an appropriate `as` value and it is preloaded intentionally. @ https://vercel.com/:0
[   61914ms] [WARNING] The resource https://vercel.com/vc-ap-vercel-marketing/_next/static/immutable/chunks/2rkroezqbepf5.css was preloaded using link preload but not used within a few seconds from the window's load event. Please make sure it has an appropriate `as` value and it is preloaded intentionally. @ https://vercel.com/:0
[   61914ms] [WARNING] The resource https://vercel.com/vc-ap-vercel-marketing/_next/static/immutable/chunks/2zd3_ztfs8vsh.css was preloaded using link preload but not used within a few seconds from the window's load event. Please make sure it has an appropriate `as` value and it is preloaded intentionally. @ https://vercel.com/:0
[   61914ms] [WARNING] The resource https://vercel.com/vc-ap-vercel-marketing/_next/static/immutable/chunks/1ywsc4s9dv8qv.css was preloaded using link preload but not used within a few seconds from the window's load event. Please make sure it has an appropriate `as` value and it is preloaded intentionally. @ https://vercel.com/:0
[   61914ms] [WARNING] The resource https://vercel.com/vc-ap-vercel-marketing/_next/static/immutable/chunks/1dpkq06qn0olb.css was preloaded using link preload but not used within a few seconds from the window's load event. Please make sure it has an appropriate `as` value and it is preloaded intentionally. @ https://vercel.com/:0
